<?xml version="1.0"?>
<!DOCTYPE coverage SYSTEM "http://cobertura.sourceforge.net/xml/coverage-04.dtd">

<coverage line-rate="0.7391304347826086" branch-rate="0.7169811320754716" lines-covered="85" lines-valid="115" branches-covered="38" branches-valid="53" complexity="2.357142857142857" version="1.9.4.1" timestamp="1365519200199">
	<sources>
		<source>C:/dev/google-code/bin-pack/server/java/src</source>
	</sources>
	<packages>
		<package name="com.tobecontinued.util.bpack" line-rate="0.7333333333333333" branch-rate="0.6818181818181818" complexity="2.2222222222222223">
			<classes>
				<class name="com.tobecontinued.util.bpack.BPack" filename="com/tobecontinued/util/bpack/BPack.java" line-rate="0.7209302325581395" branch-rate="0.6818181818181818" complexity="2.2222222222222223">
					<methods>
						<method name="&lt;clinit&gt;" signature="()V" line-rate="1.0" branch-rate="1.0">
							<lines>
								<line number="55" hits="1" branch="false"/>
							</lines>
						</method>
						<method name="&lt;init&gt;" signature="()V" line-rate="0.0" branch-rate="1.0">
							<lines>
								<line number="44" hits="0" branch="false"/>
								<line number="51" hits="0" branch="false"/>
							</lines>
						</method>
						<method name="bestFit" signature="(Ljava/util/LinkedList;Ljava/util/Collection;)Ljava/util/List;" line-rate="1.0" branch-rate="1.0">
							<lines>
								<line number="108" hits="1" branch="false"/>
							</lines>
						</method>
						<method name="firstFit" signature="(Ljava/util/LinkedList;Ljava/util/Collection;)Ljava/util/List;" line-rate="1.0" branch-rate="1.0">
							<lines>
								<line number="98" hits="1" branch="false"/>
							</lines>
						</method>
						<method name="isPossible" signature="(Ljava/util/Collection;Ljava/util/Collection;)Z" line-rate="0.0" branch-rate="0.0">
							<lines>
								<line number="83" hits="0" branch="false"/>
								<line number="84" hits="0" branch="false"/>
								<line number="86" hits="0" branch="true" condition-coverage="0% (0/2)">
									<conditions>
										<condition number="0" type="jump" coverage="0%"/>
									</conditions>
								</line>
								<line number="87" hits="0" branch="false"/>
								<line number="90" hits="0" branch="true" condition-coverage="0% (0/2)">
									<conditions>
										<condition number="0" type="jump" coverage="0%"/>
									</conditions>
								</line>
								<line number="91" hits="0" branch="false"/>
								<line number="93" hits="0" branch="true" condition-coverage="0% (0/2)">
									<conditions>
										<condition number="0" type="jump" coverage="0%"/>
									</conditions>
								</line>
							</lines>
						</method>
						<method name="lastFit" signature="(Ljava/util/LinkedList;Ljava/util/Collection;)Ljava/util/List;" line-rate="1.0" branch-rate="1.0">
							<lines>
								<line number="103" hits="1" branch="false"/>
							</lines>
						</method>
						<method name="nextFit" signature="(Ljava/util/LinkedList;Ljava/util/Collection;)Ljava/util/List;" line-rate="1.0" branch-rate="1.0">
							<lines>
								<line number="118" hits="1" branch="false"/>
								<line number="120" hits="1" branch="false"/>
								<line number="121" hits="1" branch="false"/>
								<line number="122" hits="1" branch="true" condition-coverage="100% (2/2)">
									<conditions>
										<condition number="0" type="jump" coverage="100%"/>
									</conditions>
								</line>
								<line number="123" hits="36" branch="true" condition-coverage="100% (2/2)">
									<conditions>
										<condition number="0" type="jump" coverage="100%"/>
									</conditions>
								</line>
								<line number="124" hits="20" branch="false"/>
								<line number="125" hits="20" branch="true" condition-coverage="100% (2/2)">
									<conditions>
										<condition number="0" type="jump" coverage="100%"/>
									</conditions>
								</line>
								<line number="126" hits="7" branch="false"/>
								<line number="128" hits="13" branch="false"/>
								<line number="132" hits="1" branch="false"/>
							</lines>
						</method>
						<method name="place" signature="(Lcom/tobecontinued/util/bpack/core/BinItem;Ljava/util/Queue;Ljava/util/LinkedList;)V" line-rate="0.9" branch-rate="0.875">
							<lines>
								<line number="153" hits="171" branch="true" condition-coverage="75% (3/4)">
									<conditions>
										<condition number="0" type="jump" coverage="100%"/>
										<condition number="1" type="jump" coverage="50%"/>
									</conditions>
								</line>
								<line number="154" hits="0" branch="false"/>
								<line number="156" hits="171" branch="true" condition-coverage="100% (2/2)">
									<conditions>
										<condition number="0" type="jump" coverage="100%"/>
									</conditions>
								</line>
								<line number="157" hits="29" branch="false"/>
								<line number="160" hits="171" branch="false"/>
								<line number="161" hits="171" branch="true" condition-coverage="100% (2/2)">
									<conditions>
										<condition number="0" type="jump" coverage="100%"/>
									</conditions>
								</line>
								<line number="162" hits="52" branch="false"/>
								<line number="165" hits="119" branch="false"/>
								<line number="167" hits="171" branch="false"/>
								<line number="169" hits="171" branch="false"/>
							</lines>
						</method>
						<method name="process" signature="(Ljava/util/LinkedList;Ljava/util/Collection;Ljava/util/Comparator;)Ljava/util/List;" line-rate="1.0" branch-rate="1.0">
							<lines>
								<line number="138" hits="4" branch="false"/>
								<line number="140" hits="4" branch="false"/>
								<line number="141" hits="4" branch="false"/>
								<line number="142" hits="4" branch="false"/>
								<line number="144" hits="4" branch="true" condition-coverage="100% (2/2)">
									<conditions>
										<condition number="0" type="jump" coverage="100%"/>
									</conditions>
								</line>
								<line number="145" hits="52" branch="false"/>
								<line number="148" hits="4" branch="false"/>
							</lines>
						</method>
						<method name="setSortMethod" signature="(Lcom/tobecontinued/util/bpack/BPack$SORT_METHOD;)V" line-rate="0.0" branch-rate="1.0">
							<lines>
								<line number="67" hits="0" branch="false"/>
								<line number="68" hits="0" branch="false"/>
							</lines>
						</method>
						<method name="worstFit" signature="(Ljava/util/LinkedList;Ljava/util/Collection;)Ljava/util/List;" line-rate="1.0" branch-rate="1.0">
							<lines>
								<line number="113" hits="1" branch="false"/>
							</lines>
						</method>
					</methods>
					<lines>
						<line number="44" hits="0" branch="false"/>
						<line number="51" hits="0" branch="false"/>
						<line number="55" hits="1" branch="false"/>
						<line number="67" hits="0" branch="false"/>
						<line number="68" hits="0" branch="false"/>
						<line number="83" hits="0" branch="false"/>
						<line number="84" hits="0" branch="false"/>
						<line number="86" hits="0" branch="true" condition-coverage="0% (0/2)">
							<conditions>
								<condition number="0" type="jump" coverage="0%"/>
							</conditions>
						</line>
						<line number="87" hits="0" branch="false"/>
						<line number="90" hits="0" branch="true" condition-coverage="0% (0/2)">
							<conditions>
								<condition number="0" type="jump" coverage="0%"/>
							</conditions>
						</line>
						<line number="91" hits="0" branch="false"/>
						<line number="93" hits="0" branch="true" condition-coverage="0% (0/2)">
							<conditions>
								<condition number="0" type="jump" coverage="0%"/>
							</conditions>
						</line>
						<line number="98" hits="1" branch="false"/>
						<line number="103" hits="1" branch="false"/>
						<line number="108" hits="1" branch="false"/>
						<line number="113" hits="1" branch="false"/>
						<line number="118" hits="1" branch="false"/>
						<line number="120" hits="1" branch="false"/>
						<line number="121" hits="1" branch="false"/>
						<line number="122" hits="1" branch="true" condition-coverage="100% (2/2)">
							<conditions>
								<condition number="0" type="jump" coverage="100%"/>
							</conditions>
						</line>
						<line number="123" hits="36" branch="true" condition-coverage="100% (2/2)">
							<conditions>
								<condition number="0" type="jump" coverage="100%"/>
							</conditions>
						</line>
						<line number="124" hits="20" branch="false"/>
						<line number="125" hits="20" branch="true" condition-coverage="100% (2/2)">
							<conditions>
								<condition number="0" type="jump" coverage="100%"/>
							</conditions>
						</line>
						<line number="126" hits="7" branch="false"/>
						<line number="128" hits="13" branch="false"/>
						<line number="132" hits="1" branch="false"/>
						<line number="138" hits="4" branch="false"/>
						<line number="140" hits="4" branch="false"/>
						<line number="141" hits="4" branch="false"/>
						<line number="142" hits="4" branch="false"/>
						<line number="144" hits="4" branch="true" condition-coverage="100% (2/2)">
							<conditions>
								<condition number="0" type="jump" coverage="100%"/>
							</conditions>
						</line>
						<line number="145" hits="52" branch="false"/>
						<line number="148" hits="4" branch="false"/>
						<line number="153" hits="171" branch="true" condition-coverage="75% (3/4)">
							<conditions>
								<condition number="0" type="jump" coverage="100%"/>
								<condition number="1" type="jump" coverage="50%"/>
							</conditions>
						</line>
						<line number="154" hits="0" branch="false"/>
						<line number="156" hits="171" branch="true" condition-coverage="100% (2/2)">
							<conditions>
								<condition number="0" type="jump" coverage="100%"/>
							</conditions>
						</line>
						<line number="157" hits="29" branch="false"/>
						<line number="160" hits="171" branch="false"/>
						<line number="161" hits="171" branch="true" condition-coverage="100% (2/2)">
							<conditions>
								<condition number="0" type="jump" coverage="100%"/>
							</conditions>
						</line>
						<line number="162" hits="52" branch="false"/>
						<line number="165" hits="119" branch="false"/>
						<line number="167" hits="171" branch="false"/>
						<line number="169" hits="171" branch="false"/>
					</lines>
				</class>
				<class name="com.tobecontinued.util.bpack.BPack$SORT_METHOD" filename="com/tobecontinued/util/bpack/BPack.java" line-rate="1.0" branch-rate="1.0" complexity="2.2222222222222223">
					<methods>
						<method name="&lt;clinit&gt;" signature="()V" line-rate="1.0" branch-rate="1.0">
							<lines>
								<line number="51" hits="5" branch="false"/>
								<line number="52" hits="1" branch="false"/>
							</lines>
						</method>
						<method name="&lt;init&gt;" signature="(Ljava/lang/String;I)V" line-rate="1.0" branch-rate="1.0">
							<lines>
							</lines>
						</method>
						<method name="valueOf" signature="(Ljava/lang/String;)Lcom/tobecontinued/util/bpack/BPack$SORT_METHOD;" line-rate="1.0" branch-rate="1.0">
							<lines>
							</lines>
						</method>
						<method name="values" signature="()[Lcom/tobecontinued/util/bpack/BPack$SORT_METHOD;" line-rate="1.0" branch-rate="1.0">
							<lines>
							</lines>
						</method>
					</methods>
					<lines>
						<line number="51" hits="5" branch="false"/>
						<line number="52" hits="1" branch="false"/>
					</lines>
				</class>
			</classes>
		</package>
		<package name="com.tobecontinued.util.bpack.comparator" line-rate="0.8918918918918919" branch-rate="0.9047619047619048" complexity="4.333333333333333">
			<classes>
				<class name="com.tobecontinued.util.bpack.comparator.BestFitComparator" filename="com/tobecontinued/util/bpack/comparator/BestFitComparator.java" line-rate="1.0" branch-rate="1.0" complexity="7.0">
					<methods>
						<method name="&lt;init&gt;" signature="()V" line-rate="1.0" branch-rate="1.0">
							<lines>
							</lines>
						</method>
						<method name="compare" signature="(Lcom/tobecontinued/util/bpack/core/Bin;Lcom/tobecontinued/util/bpack/core/Bin;)I" line-rate="1.0" branch-rate="1.0">
							<lines>
								<line number="37" hits="100" branch="true" condition-coverage="100% (2/2)">
									<conditions>
										<condition number="0" type="jump" coverage="100%"/>
									</conditions>
								</line>
								<line number="38" hits="50" branch="false"/>
								<line number="40" hits="50" branch="true" condition-coverage="100% (2/2)">
									<conditions>
										<condition number="0" type="jump" coverage="100%"/>
									</conditions>
								</line>
								<line number="41" hits="25" branch="false"/>
								<line number="43" hits="25" branch="true" condition-coverage="100% (2/2)">
									<conditions>
										<condition number="0" type="jump" coverage="100%"/>
									</conditions>
								</line>
								<line number="44" hits="20" branch="false"/>
								<line number="47" hits="5" branch="false"/>
							</lines>
						</method>
						<method name="compare" signature="(Ljava/lang/Object;Ljava/lang/Object;)I" line-rate="1.0" branch-rate="1.0">
							<lines>
								<line number="30" hits="101" branch="false"/>
							</lines>
						</method>
					</methods>
					<lines>
						<line number="30" hits="101" branch="false"/>
						<line number="37" hits="100" branch="true" condition-coverage="100% (2/2)">
							<conditions>
								<condition number="0" type="jump" coverage="100%"/>
							</conditions>
						</line>
						<line number="38" hits="50" branch="false"/>
						<line number="40" hits="50" branch="true" condition-coverage="100% (2/2)">
							<conditions>
								<condition number="0" type="jump" coverage="100%"/>
							</conditions>
						</line>
						<line number="41" hits="25" branch="false"/>
						<line number="43" hits="25" branch="true" condition-coverage="100% (2/2)">
							<conditions>
								<condition number="0" type="jump" coverage="100%"/>
							</conditions>
						</line>
						<line number="44" hits="20" branch="false"/>
						<line number="47" hits="5" branch="false"/>
					</lines>
				</class>
				<class name="com.tobecontinued.util.bpack.comparator.BinItemComparator" filename="com/tobecontinued/util/bpack/comparator/BinItemComparator.java" line-rate="0.6666666666666666" branch-rate="0.6" complexity="3.0">
					<methods>
						<method name="&lt;init&gt;" signature="(Lcom/tobecontinued/util/bpack/BPack$SORT_METHOD;)V" line-rate="0.5" branch-rate="0.3333333333333333">
							<lines>
								<line number="33" hits="4" branch="false"/>
								<line number="35" hits="4" branch="false"/>
								<line number="37" hits="4" branch="true" condition-coverage="33% (1/3)">
									<conditions>
										<condition number="0" type="switch" coverage="33%"/>
									</conditions>
								</line>
								<line number="39" hits="0" branch="false"/>
								<line number="40" hits="0" branch="false"/>
								<line number="42" hits="0" branch="false"/>
								<line number="43" hits="0" branch="false"/>
								<line number="47" hits="4" branch="false"/>
							</lines>
						</method>
						<method name="compare" signature="(Lcom/tobecontinued/util/bpack/core/BinItem;Lcom/tobecontinued/util/bpack/core/BinItem;)I" line-rate="1.0" branch-rate="1.0">
							<lines>
								<line number="54" hits="48" branch="true" condition-coverage="100% (2/2)">
									<conditions>
										<condition number="0" type="jump" coverage="100%"/>
									</conditions>
								</line>
								<line number="55" hits="28" branch="false"/>
								<line number="58" hits="20" branch="false"/>
							</lines>
						</method>
						<method name="compare" signature="(Ljava/lang/Object;Ljava/lang/Object;)I" line-rate="1.0" branch-rate="1.0">
							<lines>
								<line number="31" hits="48" branch="false"/>
							</lines>
						</method>
					</methods>
					<lines>
						<line number="31" hits="48" branch="false"/>
						<line number="33" hits="4" branch="false"/>
						<line number="35" hits="4" branch="false"/>
						<line number="37" hits="4" branch="true" condition-coverage="33% (1/3)">
							<conditions>
								<condition number="0" type="switch" coverage="33%"/>
							</conditions>
						</line>
						<line number="39" hits="0" branch="false"/>
						<line number="40" hits="0" branch="false"/>
						<line number="42" hits="0" branch="false"/>
						<line number="43" hits="0" branch="false"/>
						<line number="47" hits="4" branch="false"/>
						<line number="54" hits="48" branch="true" condition-coverage="100% (2/2)">
							<conditions>
								<condition number="0" type="jump" coverage="100%"/>
							</conditions>
						</line>
						<line number="55" hits="28" branch="false"/>
						<line number="58" hits="20" branch="false"/>
					</lines>
				</class>
				<class name="com.tobecontinued.util.bpack.comparator.BinItemComparator$1" filename="com/tobecontinued/util/bpack/comparator/BinItemComparator.java" line-rate="1.0" branch-rate="1.0" complexity="3.0">
					<methods>
						<method name="&lt;clinit&gt;" signature="()V" line-rate="1.0" branch-rate="1.0">
							<lines>
								<line number="37" hits="1" branch="false"/>
							</lines>
						</method>
					</methods>
					<lines>
						<line number="37" hits="1" branch="false"/>
					</lines>
				</class>
				<class name="com.tobecontinued.util.bpack.comparator.FirstFitComparator" filename="com/tobecontinued/util/bpack/comparator/FirstFitComparator.java" line-rate="1.0" branch-rate="1.0" complexity="3.0">
					<methods>
						<method name="&lt;init&gt;" signature="()V" line-rate="1.0" branch-rate="1.0">
							<lines>
							</lines>
						</method>
						<method name="compare" signature="(Lcom/tobecontinued/util/bpack/core/Bin;Lcom/tobecontinued/util/bpack/core/Bin;)I" line-rate="1.0" branch-rate="1.0">
							<lines>
								<line number="37" hits="105" branch="true" condition-coverage="100% (2/2)">
									<conditions>
										<condition number="0" type="jump" coverage="100%"/>
									</conditions>
								</line>
								<line number="38" hits="83" branch="false"/>
								<line number="41" hits="22" branch="false"/>
							</lines>
						</method>
						<method name="compare" signature="(Ljava/lang/Object;Ljava/lang/Object;)I" line-rate="1.0" branch-rate="1.0">
							<lines>
								<line number="30" hits="106" branch="false"/>
							</lines>
						</method>
					</methods>
					<lines>
						<line number="30" hits="106" branch="false"/>
						<line number="37" hits="105" branch="true" condition-coverage="100% (2/2)">
							<conditions>
								<condition number="0" type="jump" coverage="100%"/>
							</conditions>
						</line>
						<line number="38" hits="83" branch="false"/>
						<line number="41" hits="22" branch="false"/>
					</lines>
				</class>
				<class name="com.tobecontinued.util.bpack.comparator.LastFitComparator" filename="com/tobecontinued/util/bpack/comparator/LastFitComparator.java" line-rate="1.0" branch-rate="1.0" complexity="3.0">
					<methods>
						<method name="&lt;init&gt;" signature="()V" line-rate="1.0" branch-rate="1.0">
							<lines>
							</lines>
						</method>
						<method name="compare" signature="(Lcom/tobecontinued/util/bpack/core/Bin;Lcom/tobecontinued/util/bpack/core/Bin;)I" line-rate="1.0" branch-rate="1.0">
							<lines>
								<line number="37" hits="81" branch="true" condition-coverage="100% (2/2)">
									<conditions>
										<condition number="0" type="jump" coverage="100%"/>
									</conditions>
								</line>
								<line number="38" hits="35" branch="false"/>
								<line number="41" hits="46" branch="false"/>
							</lines>
						</method>
						<method name="compare" signature="(Ljava/lang/Object;Ljava/lang/Object;)I" line-rate="1.0" branch-rate="1.0">
							<lines>
								<line number="30" hits="82" branch="false"/>
							</lines>
						</method>
					</methods>
					<lines>
						<line number="30" hits="82" branch="false"/>
						<line number="37" hits="81" branch="true" condition-coverage="100% (2/2)">
							<conditions>
								<condition number="0" type="jump" coverage="100%"/>
							</conditions>
						</line>
						<line number="38" hits="35" branch="false"/>
						<line number="41" hits="46" branch="false"/>
					</lines>
				</class>
				<class name="com.tobecontinued.util.bpack.comparator.WorstFitComparator" filename="com/tobecontinued/util/bpack/comparator/WorstFitComparator.java" line-rate="1.0" branch-rate="1.0" complexity="7.0">
					<methods>
						<method name="&lt;init&gt;" signature="()V" line-rate="1.0" branch-rate="1.0">
							<lines>
							</lines>
						</method>
						<method name="compare" signature="(Lcom/tobecontinued/util/bpack/core/Bin;Lcom/tobecontinued/util/bpack/core/Bin;)I" line-rate="1.0" branch-rate="1.0">
							<lines>
								<line number="37" hits="91" branch="true" condition-coverage="100% (2/2)">
									<conditions>
										<condition number="0" type="jump" coverage="100%"/>
									</conditions>
								</line>
								<line number="38" hits="34" branch="false"/>
								<line number="40" hits="57" branch="true" condition-coverage="100% (2/2)">
									<conditions>
										<condition number="0" type="jump" coverage="100%"/>
									</conditions>
								</line>
								<line number="41" hits="33" branch="false"/>
								<line number="43" hits="24" branch="true" condition-coverage="100% (2/2)">
									<conditions>
										<condition number="0" type="jump" coverage="100%"/>
									</conditions>
								</line>
								<line number="44" hits="14" branch="false"/>
								<line number="47" hits="10" branch="false"/>
							</lines>
						</method>
						<method name="compare" signature="(Ljava/lang/Object;Ljava/lang/Object;)I" line-rate="1.0" branch-rate="1.0">
							<lines>
								<line number="30" hits="92" branch="false"/>
							</lines>
						</method>
					</methods>
					<lines>
						<line number="30" hits="92" branch="false"/>
						<line number="37" hits="91" branch="true" condition-coverage="100% (2/2)">
							<conditions>
								<condition number="0" type="jump" coverage="100%"/>
							</conditions>
						</line>
						<line number="38" hits="34" branch="false"/>
						<line number="40" hits="57" branch="true" condition-coverage="100% (2/2)">
							<conditions>
								<condition number="0" type="jump" coverage="100%"/>
							</conditions>
						</line>
						<line number="41" hits="33" branch="false"/>
						<line number="43" hits="24" branch="true" condition-coverage="100% (2/2)">
							<conditions>
								<condition number="0" type="jump" coverage="100%"/>
							</conditions>
						</line>
						<line number="44" hits="14" branch="false"/>
						<line number="47" hits="10" branch="false"/>
					</lines>
				</class>
			</classes>
		</package>
		<package name="com.tobecontinued.util.bpack.core" line-rate="0.6551724137931034" branch-rate="0.4" complexity="1.6363636363636365">
			<classes>
				<class name="com.tobecontinued.util.bpack.core.Bin" filename="com/tobecontinued/util/bpack/core/Bin.java" line-rate="0.6296296296296297" branch-rate="0.4" complexity="1.7777777777777777">
					<methods>
						<method name="&lt;clinit&gt;" signature="()V" line-rate="1.0" branch-rate="1.0">
							<lines>
								<line number="38" hits="1" branch="false"/>
							</lines>
						</method>
						<method name="&lt;init&gt;" signature="(I)V" line-rate="1.0" branch-rate="0.5">
							<lines>
								<line number="45" hits="50" branch="false"/>
								<line number="47" hits="50" branch="false"/>
								<line number="48" hits="50" branch="false"/>
								<line number="49" hits="50" branch="false"/>
								<line number="51" hits="50" branch="true" condition-coverage="50% (1/2)">
									<conditions>
										<condition number="0" type="jump" coverage="50%"/>
									</conditions>
								</line>
								<line number="53" hits="50" branch="false"/>
								<line number="54" hits="50" branch="false"/>
							</lines>
						</method>
						<method name="&lt;init&gt;" signature="(ILjava/util/Collection;)V" line-rate="0.0" branch-rate="0.0">
							<lines>
								<line number="62" hits="0" branch="false"/>
								<line number="64" hits="0" branch="false"/>
								<line number="65" hits="0" branch="false"/>
								<line number="66" hits="0" branch="false"/>
								<line number="68" hits="0" branch="true" condition-coverage="0% (0/2)">
									<conditions>
										<condition number="0" type="jump" coverage="0%"/>
									</conditions>
								</line>
								<line number="69" hits="0" branch="false"/>
								<line number="72" hits="0" branch="true" condition-coverage="0% (0/2)">
									<conditions>
										<condition number="0" type="jump" coverage="0%"/>
									</conditions>
								</line>
								<line number="74" hits="0" branch="false"/>
								<line number="75" hits="0" branch="false"/>
							</lines>
						</method>
						<method name="addItem" signature="(Lcom/tobecontinued/util/bpack/core/BinItem;)I" line-rate="1.0" branch-rate="0.5">
							<lines>
								<line number="127" hits="65" branch="true" condition-coverage="50% (1/2)">
									<conditions>
										<condition number="0" type="jump" coverage="50%"/>
									</conditions>
								</line>
								<line number="129" hits="65" branch="false"/>
								<line number="130" hits="65" branch="false"/>
								<line number="132" hits="65" branch="false"/>
							</lines>
						</method>
						<method name="canFit" signature="(Lcom/tobecontinued/util/bpack/core/BinItem;)Z" line-rate="1.0" branch-rate="1.0">
							<lines>
								<line number="116" hits="256" branch="true" condition-coverage="100% (2/2)">
									<conditions>
										<condition number="0" type="jump" coverage="100%"/>
									</conditions>
								</line>
							</lines>
						</method>
						<method name="getAvailableCapacity" signature="()I" line-rate="1.0" branch-rate="1.0">
							<lines>
								<line number="101" hits="296" branch="false"/>
							</lines>
						</method>
						<method name="getCurrentCapacity" signature="()I" line-rate="1.0" branch-rate="1.0">
							<lines>
								<line number="92" hits="300" branch="false"/>
							</lines>
						</method>
						<method name="getIdentifier" signature="()J" line-rate="1.0" branch-rate="1.0">
							<lines>
								<line number="106" hits="470" branch="false"/>
							</lines>
						</method>
						<method name="getMaxCapacity" signature="()I" line-rate="0.0" branch-rate="1.0">
							<lines>
								<line number="83" hits="0" branch="false"/>
							</lines>
						</method>
						<method name="toString" signature="()Ljava/lang/String;" line-rate="1.0" branch-rate="1.0">
							<lines>
								<line number="140" hits="50" branch="false"/>
							</lines>
						</method>
					</methods>
					<lines>
						<line number="38" hits="1" branch="false"/>
						<line number="45" hits="50" branch="false"/>
						<line number="47" hits="50" branch="false"/>
						<line number="48" hits="50" branch="false"/>
						<line number="49" hits="50" branch="false"/>
						<line number="51" hits="50" branch="true" condition-coverage="50% (1/2)">
							<conditions>
								<condition number="0" type="jump" coverage="50%"/>
							</conditions>
						</line>
						<line number="53" hits="50" branch="false"/>
						<line number="54" hits="50" branch="false"/>
						<line number="62" hits="0" branch="false"/>
						<line number="64" hits="0" branch="false"/>
						<line number="65" hits="0" branch="false"/>
						<line number="66" hits="0" branch="false"/>
						<line number="68" hits="0" branch="true" condition-coverage="0% (0/2)">
							<conditions>
								<condition number="0" type="jump" coverage="0%"/>
							</conditions>
						</line>
						<line number="69" hits="0" branch="false"/>
						<line number="72" hits="0" branch="true" condition-coverage="0% (0/2)">
							<conditions>
								<condition number="0" type="jump" coverage="0%"/>
							</conditions>
						</line>
						<line number="74" hits="0" branch="false"/>
						<line number="75" hits="0" branch="false"/>
						<line number="83" hits="0" branch="false"/>
						<line number="92" hits="300" branch="false"/>
						<line number="101" hits="296" branch="false"/>
						<line number="106" hits="470" branch="false"/>
						<line number="116" hits="256" branch="true" condition-coverage="100% (2/2)">
							<conditions>
								<condition number="0" type="jump" coverage="100%"/>
							</conditions>
						</line>
						<line number="127" hits="65" branch="true" condition-coverage="50% (1/2)">
							<conditions>
								<condition number="0" type="jump" coverage="50%"/>
							</conditions>
						</line>
						<line number="129" hits="65" branch="false"/>
						<line number="130" hits="65" branch="false"/>
						<line number="132" hits="65" branch="false"/>
						<line number="140" hits="50" branch="false"/>
					</lines>
				</class>
				<class name="com.tobecontinued.util.bpack.core.BinItem" filename="com/tobecontinued/util/bpack/core/BinItem.java" line-rate="1.0" branch-rate="1.0" complexity="1.0">
					<methods>
						<method name="&lt;init&gt;" signature="()V" line-rate="1.0" branch-rate="1.0">
							<lines>
								<line number="26" hits="65" branch="false"/>
							</lines>
						</method>
						<method name="toString" signature="()Ljava/lang/String;" line-rate="1.0" branch-rate="1.0">
							<lines>
								<line number="35" hits="65" branch="false"/>
							</lines>
						</method>
					</methods>
					<lines>
						<line number="26" hits="65" branch="false"/>
						<line number="35" hits="65" branch="false"/>
					</lines>
				</class>
			</classes>
		</package>
		<package name="com.tobecontinued.util.bpack.exception" line-rate="0.0" branch-rate="1.0" complexity="1.0">
			<classes>
				<class name="com.tobecontinued.util.bpack.exception.BinCapacityException" filename="com/tobecontinued/util/bpack/exception/BinCapacityException.java" line-rate="0.0" branch-rate="1.0" complexity="1.0">
					<methods>
						<method name="&lt;init&gt;" signature="()V" line-rate="0.0" branch-rate="1.0">
							<lines>
								<line number="30" hits="0" branch="false"/>
								<line number="31" hits="0" branch="false"/>
							</lines>
						</method>
						<method name="&lt;init&gt;" signature="(Ljava/lang/String;)V" line-rate="0.0" branch-rate="1.0">
							<lines>
								<line number="35" hits="0" branch="false"/>
								<line number="36" hits="0" branch="false"/>
							</lines>
						</method>
					</methods>
					<lines>
						<line number="30" hits="0" branch="false"/>
						<line number="31" hits="0" branch="false"/>
						<line number="35" hits="0" branch="false"/>
						<line number="36" hits="0" branch="false"/>
					</lines>
				</class>
			</classes>
		</package>
	</packages>
</coverage>
